Arguments: 
  C:\Program Files\nodejs\node.exe C:\Users\joaof\AppData\Local\npm-cache\_npx\c094c3349f8dd527\node_modules\yarn\bin\yarn.js

PATH: 
  C:\Users\joaof\OneDrive\Área de Trabalho\financas\finances-front\node_modules\.bin;C:\Users\joaof\OneDrive\Área de Trabalho\financas\node_modules\.bin;C:\Users\joaof\OneDrive\Área de Trabalho\node_modules\.bin;C:\Users\joaof\OneDrive\node_modules\.bin;C:\Users\joaof\node_modules\.bin;C:\Users\node_modules\.bin;C:\node_modules\.bin;C:\Users\joaof\AppData\Roaming\nvm\v16.9.1\node_modules\npm\node_modules\@npmcli\run-script\lib\node-gyp-bin;C:\Program Files\Common Files\Oracle\Java\javapath;C:\WINDOWS\system32;C:\WINDOWS;C:\WINDOWS\System32\Wbem;C:\WINDOWS\System32\WindowsPowerShell\v1.0\;C:\WINDOWS\System32\OpenSSH\;C:\Program Files\Git\cmd;C:\Program Files\Go\bin;C:\Program Files\Docker\Docker\resources\bin;C:\Users\joaof\AppData\Roaming\nvm;C:\Program Files\nodejs;C:\Users\joaof\AppData\Local\Microsoft\WindowsApps;C:\Users\joaof\AppData\Roaming\npm;C:\Program Files\Java\jdk-11.0.17\bin;C:\Program Files\apache-maven-3.8.7\bin;C:\Users\joaof\AppData\Local\Programs\Microsoft VS Code\bin;C:\Users\joaof\go\bin;C:\Program Files\JetBrains\IntelliJ IDEA Community Edition 2022.3.2\bin;;C:\Users\joaof\AppData\Roaming\nvm;C:\Program Files\nodejs;C:\Users\joaof\AppData\Local\npm-cache\_npx\c094c3349f8dd527\node_modules\.bin

Yarn version: 
  1.22.19

Node version: 
  16.9.1

Platform: 
  win32 x64

Trace: 
  Error: https://registry.yarnpkg.com/core-js/-/core-js-2.6.12.tgz: ESOCKETTIMEDOUT
      at ClientRequest.<anonymous> (C:\Users\joaof\AppData\Local\npm-cache\_npx\c094c3349f8dd527\node_modules\yarn\lib\cli.js:141517:19)
      at Object.onceWrapper (node:events:513:28)
      at ClientRequest.emit (node:events:394:28)
      at TLSSocket.emitRequestTimeout (node:_http_client:761:9)
      at Object.onceWrapper (node:events:513:28)
      at TLSSocket.emit (node:events:406:35)
      at TLSSocket.Socket._onTimeout (node:net:486:8)
      at listOnTimeout (node:internal/timers:557:17)
      at processTimers (node:internal/timers:500:7)

npm manifest: 
  {
    "name": "finances",
    "version": "0.1.0",
    "private": true,
    "resolutions": {
      "styled-components": "^5"
    },
    "dependencies": {
      "@testing-library/jest-dom": "^5.16.5",
      "@testing-library/react": "^13.4.0",
      "@testing-library/user-event": "^13.5.0",
      "@types/jest": "^27.5.2",
      "@types/node": "^16.18.11",
      "@types/react": "^18.0.26",
      "@types/react-dom": "^18.0.10",
      "@types/styled-components": "^5.1.26",
      "react": "^18.2.0",
      "react-dom": "^18.2.0",
      "react-router-dom": "^6.6.1",
      "react-scripts": "^2.1.3",
      "styled-components": "^5.3.6",
      "styled-icons": "^10.47.0",
      "typescript": "^4.9.4",
      "web-vitals": "^2.1.4"
    },
    "scripts": {
      "start": "react-scripts start",
      "build": "react-scripts build",
      "test": "react-scripts test",
      "eject": "react-scripts eject"
    },
    "eslintConfig": {
      "extends": [
        "react-app",
        "react-app/jest"
      ]
    },
    "browserslist": {
      "production": [
        ">0.2%",
        "not dead",
        "not op_mini all"
      ],
      "development": [
        "last 1 chrome version",
        "last 1 firefox version",
        "last 1 safari version"
      ]
    },
    "devDependencies": {
      "@types/react-router-dom": "^5.3.3"
    }
  }

yarn manifest: 
  No manifest

Lockfile: 
  No lockfile
